[debug] ----------------------------------------------------------------------
[debug] Command:      /usr/local/Cellar/node/4.2.1/bin/node /usr/local/bin/firebase serve
[debug] CLI Version:  3.2.0
[debug] Platform:     darwin
[debug] Node Version: v4.2.1
[debug] Time:         Tue Dec 06 2016 16:25:55 GMT+0900 (KST)
[debug] ----------------------------------------------------------------------
[debug] 
[info] Starting Firebase development server...
[info] 
[info] Project Directory: /Users/chocho/PaperGalaxy
[info] Public Directory: public
[info] 
[info] Server listening at: http://localhost:5000
[debug] ----------------------------------------------------------------------
[debug] Command:      /usr/local/bin/node /usr/local/bin/firebase serve
[debug] CLI Version:  3.2.0
[debug] Platform:     darwin
[debug] Node Version: v4.3.1
[debug] Time:         Thu Dec 08 2016 21:42:18 GMT+0900 (KST)
[debug] ----------------------------------------------------------------------
[debug] 
[info] Starting Firebase development server...
[info] 
[info] Project Directory: /Users/hoonkim/Desktop/PaperGalaxy
[warn] ⚠  Port 5000 is not available. Trying another port...
[warn] ⚠  Port 5001 is not available. Trying another port...
[info] Public Directory: public
[info] 
[info] Server listening at: http://localhost:5002
[debug] ----------------------------------------------------------------------
[debug] Command:      /usr/local/bin/node /usr/local/bin/firebase serve
[debug] CLI Version:  3.2.0
[debug] Platform:     darwin
[debug] Node Version: v4.3.1
[debug] Time:         Fri Dec 09 2016 22:48:37 GMT+0900 (KST)
[debug] ----------------------------------------------------------------------
[debug] 
[info] Starting Firebase development server...
[info] 
[info] Project Directory: /Users/hoonkim/Desktop/PaperGalaxy
[warn] ⚠  Port 5000 is not available. Trying another port...
[warn] ⚠  Port 5001 is not available. Trying another port...
[warn] ⚠  Port 5002 is not available. Trying another port...
[info] Public Directory: public
[info] 
[info] Server listening at: http://localhost:5003
[debug] ----------------------------------------------------------------------
[debug] Command:      /usr/local/bin/node /usr/local/bin/firebase serve
[debug] CLI Version:  3.2.0
[debug] Platform:     darwin
[debug] Node Version: v4.3.1
[debug] Time:         Sun Dec 11 2016 16:30:29 GMT+0900 (KST)
[debug] ----------------------------------------------------------------------
[debug] 
[info] Starting Firebase development server...
[info] 
[info] Project Directory: /Users/hoonkim/Desktop/PaperGalaxy
[info] Public Directory: public
[info] 
[info] Server listening at: http://localhost:5000
[debug] ----------------------------------------------------------------------
[debug] Command:      /usr/local/bin/node /usr/local/bin/firebase serve
[debug] CLI Version:  3.2.0
[debug] Platform:     darwin
[debug] Node Version: v4.3.1
[debug] Time:         Tue Dec 13 2016 14:35:32 GMT+0900 (KST)
[debug] ----------------------------------------------------------------------
[debug] 
[info] Starting Firebase development server...
[info] 
[info] Project Directory: /Users/hoonkim/Desktop/PaperGalaxy
[warn] ⚠  Port 5000 is not available. Trying another port...
[info] Public Directory: public
[info] 
[info] Server listening at: http://localhost:5001
